<?xml version="1.0" encoding="UTF-8"?>
<testng-results ignored="0" total="2" passed="2" failed="0" skipped="0">
  <reporter-output>
  </reporter-output>
  <suite started-at="2026-01-06T12:54:24 IST" name="Suite" finished-at="2026-01-06T12:54:45 IST" duration-ms="20984">
    <groups>
    </groups>
    <test started-at="2026-01-06T12:54:24 IST" name="Test" finished-at="2026-01-06T12:54:45 IST" duration-ms="20984">
      <class name="tests.LoginTest">
        <test-method is-config="true" signature="setUp()[pri:0, instance:tests.LoginTest@2d1ef81a]" started-at="2026-01-06T12:54:24 IST" name="setUp" finished-at="2026-01-06T12:54:31 IST" duration-ms="6279" status="PASS">
          <reporter-output>
          </reporter-output>
        </test-method> <!-- setUp -->
        <test-method signature="TC01_InValidLogin()[pri:1, instance:tests.LoginTest@2d1ef81a]" started-at="2026-01-06T12:54:31 IST" name="TC01_InValidLogin" finished-at="2026-01-06T12:54:35 IST" duration-ms="4670" status="PASS">
          <reporter-output>
          </reporter-output>
        </test-method> <!-- TC01_InValidLogin -->
        <test-method is-config="true" signature="tearDown()[pri:0, instance:tests.LoginTest@2d1ef81a]" started-at="2026-01-06T12:54:35 IST" name="tearDown" finished-at="2026-01-06T12:54:36 IST" duration-ms="245" status="PASS">
          <reporter-output>
          </reporter-output>
        </test-method> <!-- tearDown -->
        <test-method is-config="true" signature="setUp()[pri:0, instance:tests.LoginTest@2d1ef81a]" started-at="2026-01-06T12:54:36 IST" name="setUp" finished-at="2026-01-06T12:54:42 IST" duration-ms="6343" status="PASS">
          <reporter-output>
          </reporter-output>
        </test-method> <!-- setUp -->
        <test-method signature="TC02_ValidLogin()[pri:2, instance:tests.LoginTest@2d1ef81a]" started-at="2026-01-06T12:54:42 IST" name="TC02_ValidLogin" finished-at="2026-01-06T12:54:45 IST" duration-ms="3193" status="PASS">
          <reporter-output>
          </reporter-output>
        </test-method> <!-- TC02_ValidLogin -->
        <test-method is-config="true" signature="tearDown()[pri:0, instance:tests.LoginTest@2d1ef81a]" started-at="2026-01-06T12:54:45 IST" name="tearDown" finished-at="2026-01-06T12:54:45 IST" duration-ms="207" status="PASS">
          <reporter-output>
          </reporter-output>
        </test-method> <!-- tearDown -->
      </class> <!-- tests.LoginTest -->
    </test> <!-- Test -->
  </suite> <!-- Suite -->
</testng-results>
